#
# There is insufficient memory for the Java Runtime Environment to continue.
# Native memory allocation (malloc) failed to allocate 1048576 bytes. Error detail: AllocateHeap
# Possible reasons:
#   The system is out of physical RAM or swap space
#   This process is running with CompressedOops enabled, and the Java Heap may be blocking the growth of the native heap
# Possible solutions:
#   Reduce memory load on the system
#   Increase physical memory or swap space
#   Check if swap backing store is full
#   Decrease Java heap size (-Xmx/-Xms)
#   Decrease number of Java threads
#   Decrease Java thread stack sizes (-Xss)
#   Set larger code cache with -XX:ReservedCodeCacheSize=
#   JVM is running with Unscaled Compressed Oops mode in which the Java heap is
#     placed in the first 4GB address space. The Java Heap base address is the
#     maximum limit for the native heap growth. Please use -XX:HeapBaseMinAddress
#     to set the Java Heap base and to place the Java Heap above 4GB virtual address.
# This output file may be truncated or incomplete.
#
#  Out of Memory Error (allocation.cpp:44), pid=75344, tid=74936
#
# JRE version:  (21.0.10+7) (build )
# Java VM: OpenJDK 64-Bit Server VM (21.0.10+7-LTS, mixed mode, emulated-client, sharing, tiered, compressed oops, compressed class ptrs, g1 gc, windows-amd64)
# No core dump will be written. Minidumps are not enabled by default on client versions of Windows
#

---------------  S U M M A R Y ------------

Command Line: -Dcom.sun.management.jmxremote -Dcom.sun.management.jmxremote.port=7237 -Dcom.sun.management.jmxremote.authenticate=false -Dcom.sun.management.jmxremote.ssl=false -Djava.rmi.server.hostname=localhost -Dspring.jmx.enabled=true -Dmanagement.endpoints.jmx.exposure.include=* -Dspring.application.admin.enabled=true -Dspring.output.ansi.enabled=always -XX:TieredStopAtLevel=1 -Dspring.boot.project.name=UNIVOL -Dfile.encoding=UTF-8 -Dstdout.encoding=UTF-8 -Dstderr.encoding=UTF-8 -XX:+ShowCodeDetailsInExceptionMessages com.univol.UnivolApplication

Host: Intel(R) Core(TM) i5-10210U CPU @ 1.60GHz, 8 cores, 7G,  Windows 11 , 64 bit Build 26100 (10.0.26100.8328)
Time: Mon May 11 14:22:13 2026 elapsed time: 1.092726 seconds (0d 0h 0m 1s)

---------------  T H R E A D  ---------------

Current thread (0x000002b956581150):  JavaThread "Unknown thread" [_thread_in_vm, id=74936, stack(0x000000f05e000000,0x000000f05e100000) (1024K)]

Stack: [0x000000f05e000000,0x000000f05e100000]
Native frames: (J=compiled Java code, j=interpreted, Vv=VM code, C=native code)
V  [jvm.dll+0x6df2b9]
V  [jvm.dll+0x8bbdeb]
V  [jvm.dll+0x8be37a]
V  [jvm.dll+0x8bea53]
V  [jvm.dll+0x28a7a6]
V  [jvm.dll+0xc3ba7]
V  [jvm.dll+0x336cd5]
V  [jvm.dll+0x886312]
V  [jvm.dll+0x3cb831]
V  [jvm.dll+0x86f25c]
V  [jvm.dll+0x45e901]
V  [jvm.dll+0x460541]
C  [jli.dll+0x52f0]
C  [ucrtbase.dll+0x37b0]
C  [KERNEL32.DLL+0x2e957]
C  [ntdll.dll+0x427c]


---------------  P R O C E S S  ---------------

Threads class SMR info:
_java_thread_list=0x00007ff8840d2208, length=0, elements={
}

Java Threads: ( => current thread )
Total: 0

Other Threads:

=>0x000002b956581150 (exited) JavaThread "Unknown thread"    [_thread_in_vm, id=74936, stack(0x000000f05e000000,0x000000f05e100000) (1024K)]
Total: 1

Threads with active compile tasks:
Total: 0

VM state: not at safepoint (not fully initialized)

VM Mutex/Monitor currently owned by a thread: None

Heap address: 0x0000000000000000, size: 0 MB, Compressed Oops mode: 32-bit

CDS archive(s) mapped at: [0x0000000000000000-0x0000000000000000-0x0000000000000000), size 0, SharedBaseAddress: 0x0000000800000000, ArchiveRelocationMode: 1.
Narrow klass base: 0x0000000000000000, Narrow klass shift: 0, Narrow klass range: 0x0

GC Precious Log:
 CardTable entry size: 512
 Card Set container configuration: InlinePtr #cards 5 size 8 Array Of Cards #cards 12 size 40 Howl #buckets 4 coarsen threshold 1843 Howl Bitmap #cards 512 size 80 coarsen threshold 460 Card regions per heap region 1 cards per card region 2048

GC Heap History (0 events):
No events

Dll operation events (1 events):
Event: 0.062 Loaded shared library C:\Program Files\Amazon Corretto\jdk21.0.10_7\bin\java.dll

Deoptimization events (0 events):
No events

Classes loaded (0 events):
No events

Classes unloaded (0 events):
No events

Classes redefined (0 events):
No events

Internal exceptions (0 events):
No events

ZGC Phase Switch (0 events):
No events

VM Operations (0 events):
No events

Memory protections (0 events):
No events

Nmethod flushes (0 events):
No events

Events (0 events):
No events


Dynamic libraries:
0x00007ff74ba10000 - 0x00007ff74ba1e000 	C:\Program Files\Amazon Corretto\jdk21.0.10_7\bin\javaw.exe
0x00007ff928020000 - 0x00007ff928287000 	C:\WINDOWS\SYSTEM32\ntdll.dll
0x00007ff926f70000 - 0x00007ff927039000 	C:\WINDOWS\System32\KERNEL32.DLL
0x00007ff925910000 - 0x00007ff925d07000 	C:\WINDOWS\System32\KERNELBASE.dll
0x00007ff925660000 - 0x00007ff9257ab000 	C:\WINDOWS\System32\ucrtbase.dll
0x00007ff90dd70000 - 0x00007ff90dd88000 	C:\Program Files\Amazon Corretto\jdk21.0.10_7\bin\jli.dll
0x00007ff906850000 - 0x00007ff90686e000 	C:\Program Files\Amazon Corretto\jdk21.0.10_7\bin\VCRUNTIME140.dll
0x00007ff926430000 - 0x00007ff9265f6000 	C:\WINDOWS\System32\USER32.dll
0x00007ff9258e0000 - 0x00007ff925907000 	C:\WINDOWS\System32\win32u.dll
0x00007ff925da0000 - 0x00007ff925dcb000 	C:\WINDOWS\System32\GDI32.dll
0x00007ff9257b0000 - 0x00007ff9258dc000 	C:\WINDOWS\System32\gdi32full.dll
0x00007ff90b250000 - 0x00007ff90b4e2000 	C:\WINDOWS\WinSxS\amd64_microsoft.windows.common-controls_6595b64144ccf1df_6.0.26100.8328_none_3e08182ce334b678\COMCTL32.dll
0x00007ff924a50000 - 0x00007ff924af3000 	C:\WINDOWS\System32\msvcp_win.dll
0x00007ff927270000 - 0x00007ff927319000 	C:\WINDOWS\System32\msvcrt.dll
0x00007ff927b00000 - 0x00007ff927b32000 	C:\WINDOWS\System32\IMM32.DLL
0x00007ff90c5a0000 - 0x00007ff90c5ac000 	C:\Program Files\Amazon Corretto\jdk21.0.10_7\bin\vcruntime140_1.dll
0x00007ff8da920000 - 0x00007ff8da9a9000 	C:\Program Files\Amazon Corretto\jdk21.0.10_7\bin\msvcp140.dll
0x00007ff883480000 - 0x00007ff884228000 	C:\Program Files\Amazon Corretto\jdk21.0.10_7\bin\server\jvm.dll
0x00007ff927e20000 - 0x00007ff927ed6000 	C:\WINDOWS\System32\ADVAPI32.dll
0x00007ff925dd0000 - 0x00007ff925e77000 	C:\WINDOWS\System32\sechost.dll
0x00007ff927c50000 - 0x00007ff927d68000 	C:\WINDOWS\System32\RPCRT4.dll
0x00007ff927d70000 - 0x00007ff927df0000 	C:\WINDOWS\System32\WS2_32.dll
0x00007ff9248b0000 - 0x00007ff92490e000 	C:\WINDOWS\SYSTEM32\POWRPROF.dll
0x00007ff90b590000 - 0x00007ff90b5c6000 	C:\WINDOWS\SYSTEM32\WINMM.dll
0x00007ff9185e0000 - 0x00007ff9185eb000 	C:\WINDOWS\SYSTEM32\VERSION.dll
0x00007ff924890000 - 0x00007ff9248a4000 	C:\WINDOWS\SYSTEM32\UMPDC.dll
0x00007ff9237e0000 - 0x00007ff9237fb000 	C:\WINDOWS\SYSTEM32\kernel.appcore.dll
0x00007ff8f8e80000 - 0x00007ff8f8e8a000 	C:\Program Files\Amazon Corretto\jdk21.0.10_7\bin\jimage.dll
0x00007ff91f250000 - 0x00007ff91f492000 	C:\WINDOWS\SYSTEM32\DBGHELP.DLL
0x00007ff927320000 - 0x00007ff9276a3000 	C:\WINDOWS\System32\combase.dll
0x00007ff9276b0000 - 0x00007ff927789000 	C:\WINDOWS\System32\OLEAUT32.dll
0x00007ff9117e0000 - 0x00007ff91181b000 	C:\WINDOWS\SYSTEM32\dbgcore.DLL
0x00007ff924bc0000 - 0x00007ff924c68000 	C:\WINDOWS\System32\bcryptPrimitives.dll
0x00007ff8f4160000 - 0x00007ff8f4181000 	C:\Program Files\Amazon Corretto\jdk21.0.10_7\bin\java.dll

JVMTI agents: none

dbghelp: loaded successfully - version: 4.0.5 - missing functions: none
symbol engine: initialized successfully - sym options: 0x614 - pdb path: .;C:\Program Files\Amazon Corretto\jdk21.0.10_7\bin;C:\WINDOWS\SYSTEM32;C:\WINDOWS\WinSxS\amd64_microsoft.windows.common-controls_6595b64144ccf1df_6.0.26100.8328_none_3e08182ce334b678;C:\Program Files\Amazon Corretto\jdk21.0.10_7\bin\server

VM Arguments:
jvm_args: -Dcom.sun.management.jmxremote -Dcom.sun.management.jmxremote.port=7237 -Dcom.sun.management.jmxremote.authenticate=false -Dcom.sun.management.jmxremote.ssl=false -Djava.rmi.server.hostname=localhost -Dspring.jmx.enabled=true -Dmanagement.endpoints.jmx.exposure.include=* -Dspring.application.admin.enabled=true -Dspring.output.ansi.enabled=always -XX:TieredStopAtLevel=1 -Dspring.boot.project.name=UNIVOL -Dfile.encoding=UTF-8 -Dstdout.encoding=UTF-8 -Dstderr.encoding=UTF-8 -XX:+ShowCodeDetailsInExceptionMessages 
java_command: com.univol.UnivolApplication
java_class_path (initial): C:\Users\guswh\git\UNIVOL\UNIVOL\bin\main;C:\Users\guswh\.gradle\caches\modules-2\files-2.1\org.projectlombok\lombok\1.18.44\503fd0b002dbb237fa4656cf4b8021666a8aebac\lombok-1.18.44.jar;C:\Users\guswh\.gradle\caches\modules-2\files-2.1\org.springframework.boot\spring-boot-starter-thymeleaf\4.0.5\5a6e6000adff55d5e9236f40223204b7c8d62c5c\spring-boot-starter-thymeleaf-4.0.5.jar;C:\Users\guswh\.gradle\caches\modules-2\files-2.1\org.springframework.boot\spring-boot-starter-web\4.0.5\f79e2b414df86a6c61ff1a583ce755bac9adbf4c\spring-boot-starter-web-4.0.5.jar;C:\Users\guswh\.gradle\caches\modules-2\files-2.1\org.mybatis.spring.boot\mybatis-spring-boot-starter\4.0.0\c3ce04354544754be5b17f7ec2a6b31f7cac73a7\mybatis-spring-boot-starter-4.0.0.jar;C:\Users\guswh\.gradle\caches\modules-2\files-2.1\org.springframework.boot\spring-boot-starter-security\4.0.5\a3163aaeeb98a33e60f66d677b9751026ce1799b\spring-boot-starter-security-4.0.5.jar;C:\Users\guswh\.gradle\caches\modules-2\files-2.1\org.springframework.boot\spring-boot-starter-jackson\4.0.5\16d3f8e99476fd61f39de7e96d2b66a2d18e943d\spring-boot-starter-jackson-4.0.5.jar;C:\Users\guswh\.gradle\caches\modules-2\files-2.1\org.springframework.boot\spring-boot-starter-tomcat\4.0.5\f8dc612cb0cdd09c0d29f1a16bfbf184629f247\spring-boot-starter-tomcat-4.0.5.jar;C:\Users\guswh\.gradle\caches\modules-2\files-2.1\org.springframework.boot\spring-boot-starter-jdbc\4.0.5\2ca3dfd8e504d7fec3c477a0ed44231e37d531a4\spring-boot-starter-jdbc-4.0.5.jar;C:\Users\guswh\.gradle\caches\modules-2\files-2.1\org.springframework.boot\spring-boot-starter\4.0.5\2767611655cf4a17306c3331f95b6f90db83ee06\spring-boot-starter-4.0.5.jar;C:\Users\guswh\.gradle\caches\modules-2\files-2.1\org.springframework.boot\spring-boot-thymeleaf\4.0.5\259e6783e6685fab48b5de9b30cfd6f8fb940f63\spring-boot-thymeleaf-4.0.5.jar;C:\Users\guswh\.gradle\caches\modules-2\files-2.1\org.springframework.boot\spring-boot-http-converter\4.0.5\54326cc39a6fd5d5f5bf63f5b25d527d3cd40b57\spring-boot-http-converter-4.0.5.jar;C:\Users\guswh\.gradle\caches\modules-2\files-2.1\org.springframework.boot\spring-boot-webmvc\4.0.5\33bed4ae1c0fef88d4ebdb82916fbb19b884a034\spring-boot-webmvc-4.0.5.jar;C:\Users\guswh\.gradle\caches\modules-2\files-2.1\org.mybatis.spring.boot\mybatis-spring-boot-autoconfigure\4.0.0\8ccf85e27182541cd4f54f752b72580ae9bd550e\mybatis-spring-boot-autoconfigure-4.0.0.jar;C:\Users\guswh\.gradle\caches\modules-2\files-2.1\org.mybatis\mybatis\3.5.19\79b20d963e38e66f41431ea49bc22f7cce718142\mybatis-3.5.19.jar;C:\Users\guswh\.gradle\caches\modules-2\files-2.1\org.mybatis\mybatis-spring\4.0.0\df5fdaf1a729c4d3649afab6acb5dbddc6647b02\mybatis-spring-4.0.0.jar;C:\Users\guswh\.gradle\caches\modules-2\files-2.1\org.springframework.boot\spring-boot-security\4.0.5\d6be8e81058a228763618be19219fb703e96eaf8\spring-boot-security-4.0.5.jar;C:\Users\guswh\.gradle\caches\modules-2\files-2.1\org.springframework\spring-webmvc\7.0.6\da516a887d0fea326c16b07fb2519f7f112f8eda\spring-webmvc-7.0.6.jar;C:\Users\guswh\.gradle\caches\modules-2\files-2.1\org.springframework.security\spring-security-config\7.0.4\5e65eab9363a8c6bd275f293f8658d4863f4bc32\spring-security-config-7.0.4.jar;C:\Users\guswh\.gradle\caches\modules-2\files-2.1\org.springframework.security\spring-security-web\7.0.4\507ae0d823fa413c7bc1f811bfdfe4e2ab4172b2\spring-security-web-7.0.4.jar;C:\Users\guswh\.gradle\caches\modules-2\files-2.1\org.springframework.boot\spring-boot-autoconfigure\4.0.5\bf08009c287a35514024334852a88cb257e783dc\spring-boot-autoconfigure-4.0.5.jar;C:\Users\guswh\.gradle\caches\modules-2\files-2.1\org.springframework.boot\spring-boot-jackson\4.0.5\86a6e7f4c1e1c613dfdbf0b320b5092e725a53f6\spring-boot-jackson-4.0.5.jar;C:\Users\guswh\.gradle\caches\modules-2\files-2.1\org.springframework.boot\spring-boot-servlet\4.0.5\2d198d18d68eb0f3bc0bde435cb684a955f32ad5\spring-boot-servlet-4.0.5.jar;C:\Users\guswh\.gradle\caches\modules-2\files-2.1\org.springframework.boot\spring-boot-jdbc\4.0.5\91b50419766f999c4a7c155d74955a67ad00237d\spring-boot-jdbc-4.0.5.jar;C:\Users\guswh\.gradle\caches\modules-2\files-2.1\org.springframework.boot\spring-boot-starter-tomcat-runtime\4.0.5\d352a6c24ad93d1518233ddce144a180d491073b\spring-boot-starter-tomcat-runtime-4.0.5.jar;C:\Users\guswh\.gradle\caches\modules-2\files-2.1\org.springframework.boot\spring-boot-tomcat\4.0.5\de470a149dd8e9871cf8b918541303dfce6553b8\spring-boot-tomcat-4.0.5.jar;C:\Users\guswh\.gradle\caches\modules-2\files-2.1\org.springframework.boot\spring-boot-web-server\4.0.5\e70e3422c68f2fae6fcb2782be5fa31c0a788a6d\spring-boot-web-server-4.0.5.jar;C:\Users\guswh\.gradle\caches\modules-2\files-2.1\org.springframework.boot\spring-boot-sql\4.0.5\465edfcf125b39ace75cb02a383277d2eb9bea72\spring-boot-sql-4.0.5.jar;C:\Users\guswh\.gradle\caches\modules-2\files-2.1\org.springframework.boot\spring-boot-transaction\4.0.5\37bcc8daa316b761223588c5e457ab92b89e2b71\spring-boot-transaction-4.0.5.jar;C:\Users\guswh\.gradle\caches\modules-2\files-2.1\org.springframework.boot\spring-boot-persistence\4.0.5\dbfa95f90464d81da553c092572154214ac97c47\spring-boot-persistence-4.0.5.jar;C:\Users\guswh\.gradle\caches\modules-2\files-2.1\org.springframework.boot\spring-boot\4.0.5\465309ef0008c598d714c3b4d27c9f9e0876d015\spring-boot-4.0.5.jar;C:\Users\guswh\.gradle\caches\modules-2\files-2.1\org.springframework.security\spring-security-core\7.0.4\9e4c8cca413a8962ada9c93094da26a440976c14\spring-security-core-7.0.4.jar;C:\Users\guswh\.gradle\caches\modules-2\files-2.1\org.springframework\spring-context\7.0.6\e722fa5455c1be437de1947d570506cb2bb142e9\spring-context-7.0.6.jar;C:\Users\guswh\.gradle\caches\modules-2\files-2.1\org.springframework\spring-aop\7.0.6\1b8358db4326013f8cfcbf22061aa076489dfbbe\spring-aop-7.0.6.jar;C:\Users\guswh\.gradle\caches\modules-2\files-2.1\org.springframework.boot\spring-boot-starter-logging\4.0.5\a8ec816a66922170c0b2abbc4720382fb248183d\spring-boot-starter-logging-4.0.5.jar;C:\Users\guswh\.gradle\caches\modules-2\files-2.1\jakarta.annotation\jakarta.annotation-api\3.0.0\54f928fadec906a99d558536756d171917b9d936\jakarta.annotation-api-3.0.0.jar;C:\Users\guswh\.gradle\caches\modules-2\files-2.1\org.yaml\snakeyaml\2.5\2d53ddec134280cb384c1e35d094e5f71c1f2316\snakeyaml-2.5.jar;C:\Users\guswh\.gradle\caches\modules-2\files-2.1\org.thymeleaf\thymeleaf-spring6\3.1.3.RELEASE\4b276ea2bd536a18e44b40ff1d9f4848965ff59c\thymeleaf-spring6-3.1.3.RELEASE.jar;C:\Users\guswh\.gradle\caches\modules-2\files-2.1\org.springframework\spring-web\7.0.6\2baeb353efd42374239cc45e8d02780d6c6e7a77\spring-web-7.0.6.jar;C:\Users\guswh\.gradle\caches\modules-2\files-2.1\com.zaxxer\HikariCP\7.0.2\c2b43c946b86a14a96342379e22b004c56c6166d\HikariCP-7.0.2.jar;C:\Users\guswh\.gradle\caches\modules-2\files-2.1\org.springframework\spring-jdbc\7.0.6\5640a8dd396b13e5ecc7ad222c0788eb0214a743\spring-jdbc-7.0.6.jar;C:\Users\guswh\.gradle\caches\modules-2\files-2.1\org.springframework\spring-tx\7.0.6\94e443fe301137d8fec6f8092e10ed62bd6432b3\spring-tx-7.0.6.jar;C:\Users\guswh\.gradle\caches\modules-2\files-2.1\org.springframework\spring-beans\7.0.6\e8433956653fd38cf0b1d8769484ca8411123713\spring-beans-7.0.6.jar;C:\Users\guswh\.gradle\caches\modules-2\files-2.1\org.springframework\spring-expression\7.0.6\c00c73c545c81e2eae224a46a7c509fca74a2860\spring-expression-7.0.6.jar;C:\Users\guswh\.gradle\caches\modules-2\files-2.1\org.springframework\spring-core\7.0.6\5e4e7fd5bee4be66a0786abe0c90419a713114b5\spring-core-7.0.6.jar;C:\Users\guswh\.gradle\caches\modules-2\files-2.1\ch.qos.logback\logback-classic\1.5.32\2b1042c50f508f2eb402bd4d22ccbdf94cc37d2e\logback-classic-1.5.32.jar;C:\Users\guswh\.gradle\caches\modules-2\files-2.1\org.apache.logging.log4j\log4j-to-slf4j\2.25.3\30adfb40cca243ec88cf7ec1fddb411ab55faa4f\log4j-to-slf4j-2.25.3.jar;C:\Users\guswh\.gradle\caches\modules-2\files-2.1\org.slf4j\jul-to-slf4j\2.0.17\524cb6ccc2b68a57604750e1ab8b13b5a786a6aa\jul-to-slf4j-2.0.17.jar;C:\Users\guswh\.gradle\caches\modules-2\files-2.1\org.thymeleaf\thymeleaf\3.1.3.RELEASE\51474f2a90b282ee97dabcd159c7faf24790f373\thymeleaf-3.1.3.RELEASE.jar;C:\Users\guswh\.gradle\caches\modules-2\files-2.1\org.slf4j\slf4j-api\2.0.17\d9e58ac9c7779ba3bf8142aff6c830617a7fe60f\slf4j-api-2.0.17.jar;C:\Users\guswh\.gradle\caches\modules-2\files-2.1\io.micrometer\micrometer-observation\1.16.4\64b57332a68b75ba36d9bf9b4cfd62610d0fb158\micrometer-observation-1.16.4.jar;C:\Users\guswh\.gradle\caches\modules-2\files-2.1\tools.jackson.core\jackson-core\3.1.0\df0dc5d0bf720739ae7b6afeee2af2aabf88905b\jackson-core-3.1.0.jar;C:\Users\guswh\.gradle\caches\modules-2\files-2.1\tools.jackson.core\jackson-databind\3.1.0\59a342020cc4f5a49335c16820be6ed8ca8ee6c7\jackson-databind-3.1.0.jar;C:\Users\guswh\.gradle\caches\modules-2\files-2.1\org.apache.tomcat.embed\tomcat-embed-websocket\11.0.20\e7f0889299296445fba512d43858b863d563e1d2\tomcat-embed-websocket-11.0.20.jar;C:\Users\guswh\.gradle\caches\modules-2\files-2.1\org.apache.tomcat.embed\tomcat-embed-core\11.0.20\384f1db7c5a017bf0381fc03693606a08b252c23\tomcat-embed-core-11.0.20.jar;C:\Users\guswh\.gradle\caches\modules-2\files-2.1\org.apache.tomcat.embed\tomcat-embed-el\11.0.20\ed5ce9eeb3fae5b39e6da171f24430d3b7c3195b\tomcat-embed-el-11.0.20.jar;C:\Users\guswh\.gradle\caches\modules-2\files-2.1\commons-logging\commons-logging\1.3.6\63e78ca6cd446c0ad166d14f03ed99e7efb3896d\commons-logging-1.3.6.jar;C:\Users\guswh\.gradle\caches\modules-2\files-2.1\org.apache.logging.log4j\log4j-api\2.25.3\fb385330d89c2d61058ef649403f214633569205\log4j-api-2.25.3.jar;C:\Users\guswh\.gradle\caches\modules-2\files-2.1\io.micrometer\micrometer-commons\1.16.4\b6a0e350a714f4cd973d760e68104c9602b4564c\micrometer-commons-1.16.4.jar;C:\Users\guswh\.gradle\caches\modules-2\files-2.1\org.jspecify\jspecify\1.0.0\7425a601c1c7ec76645a78d22b8c6a627edee507\jspecify-1.0.0.jar;C:\Users\guswh\.gradle\caches\modules-2\files-2.1\ch.qos.logback\logback-core\1.5.32\fdfb3ff9a842303d4a95207294a6c6bc64e2605d\logback-core-1.5.32.jar;C:\Users\guswh\.gradle\caches\modules-2\files-2.1\biz.aQute.bnd\biz.aQute.bnd.annotation\7.1.0\2f2be18c936d08cf46ea6cfa0043f34afdf38705\biz.aQute.bnd.annotation-7.1.0.jar;C:\Users\guswh\.gradle\caches\modules-2\files-2.1\com.google.errorprone\error_prone_annotations\2.38.0\fc0ae991433e8590ba51cd558421478318a74c8c\error_prone_annotations-2.38.0.jar;C:\Users\guswh\.gradle\caches\modules-2\files-2.1\org.osgi\org.osgi.annotation.bundle\2.0.0\f5c2cd6e670c3c5d440d3003efd5ef2ead5c68eb\org.osgi.annotation.bundle-2.0.0.jar;C:\Users\guswh\.gradle\caches\modules-2\files-2.1\org.osgi\org.osgi.annotation.versioning\1.1.2\dc3cd4ec96c0b3c5459fe00694bd73a816ecf93e\org.osgi.annotation.versioning-1.1.2.jar;C:\Users\guswh\.gradle\caches\modules-2\files-2.1\org.attoparser\attoparser\2.0.7.RELEASE\e5d0e988d9124139d645bb5872b24dfa23e283cc\attoparser-2.0.7.RELEASE.jar;C:\Users\guswh\.gradle\caches\modules-2\files-2.1\org.unbescape\unbescape\1.1.6.RELEASE\7b90360afb2b860e09e8347112800d12c12b2a13\unbescape-1.1.6.RELEASE.jar;C:\Users\guswh\.gradle\caches\modules-2\files-2.1\com.fasterxml.jackson.core\jackson-annotations\2.21\b1bc1868bf02dc0bd6c7836257a036a331005309\jackson-annotations-2.21.jar;C:\Users\guswh\.gradle\caches\modules-2\files-2.1\org.springframework.security\spring-security-crypto\7.0.4\b3e7cc6be5333bf3e3a4910ea0fd0371a3c339d6\spring-security-crypto-7.0.4.jar;C:\Users\guswh\.gradle\caches\modules-2\files-2.1\org.osgi\org.osgi.resource\1.0.0\343c88949132984b3f2d4175a72c40b77dc65619\org.osgi.resource-1.0.0.jar;C:\Users\guswh\.gradle\caches\modules-2\files-2.1\org.osgi\org.osgi.service.serviceloader\1.0.0\3728ff37909c6a3c1870b3e851342d9f2bd3cc63\org.osgi.service.serviceloader-1.0.0.jar;C:\Users\guswh\.gradle\caches\modules-2\files-2.1\org.springframework.boot\spring-boot-devtools\4.0.5\94295a15deff201f6d404441a063899831f753f4\spring-boot-devtools-4.0.5.jar;C:\Users\guswh\.gradle\caches\modules-2\files-2.1\com.oracle.database.jdbc\ojdbc11\23.9.0.25.07\4fe3479be8322eaac43f1cd0fb5818e93048201d\ojdbc11-23.9.0.25.07.jar
Launcher Type: SUN_STANDARD

[Global flags]
     intx CICompilerCount                          = 4                                         {product} {ergonomic}
     uint ConcGCThreads                            = 2                                         {product} {ergonomic}
     uint G1ConcRefinementThreads                  = 8                                         {product} {ergonomic}
   size_t G1HeapRegionSize                         = 1048576                                   {product} {ergonomic}
    uintx GCDrainStackTargetSize                   = 64                                        {product} {ergonomic}
   size_t InitialHeapSize                          = 132120576                                 {product} {ergonomic}
     bool ManagementServer                         = true                                      {product} {command line}
   size_t MarkStackSize                            = 4194304                                   {product} {ergonomic}
   size_t MaxHeapSize                              = 2099249152                                {product} {ergonomic}
   size_t MinHeapDeltaBytes                        = 1048576                                   {product} {ergonomic}
   size_t MinHeapSize                              = 8388608                                   {product} {ergonomic}
    uintx NonNMethodCodeHeapSize                   = 4096                                   {pd product} {ergonomic}
    uintx NonProfiledCodeHeapSize                  = 0                                      {pd product} {ergonomic}
     bool ProfileInterpreter                       = false                                  {pd product} {command line}
    uintx ProfiledCodeHeapSize                     = 0                                      {pd product} {ergonomic}
     bool ShowCodeDetailsInExceptionMessages       = true                                   {manageable} {command line}
   size_t SoftMaxHeapSize                          = 2099249152                             {manageable} {ergonomic}
     intx TieredStopAtLevel                        = 1                                         {product} {command line}
     bool UseCompressedOops                        = true                           {product lp64_product} {ergonomic}
     bool UseG1GC                                  = true                                      {product} {ergonomic}
     bool UseLargePagesIndividualAllocation        = false                                  {pd product} {ergonomic}

Logging:
Log output configuration:
 #0: stdout all=warning uptime,level,tags foldmultilines=false
 #1: stderr all=off uptime,level,tags foldmultilines=false

Release file:
<release file has not been read>
Environment Variables:
JAVA_HOME=C:\Program Files\Amazon Corretto\jdk21.0.10_7
PATH=C:/dev/sts-5.1.1.RELEASE//plugins/org.eclipse.justj.openjdk.hotspot.jre.full.win32.x86_64_25.0.2.v20260203-1141/jre/bin/server;C:/dev/sts-5.1.1.RELEASE//plugins/org.eclipse.justj.openjdk.hotspot.jre.full.win32.x86_64_25.0.2.v20260203-1141/jre/bin;C:\dev\WINDOWS.X64_193000_db_home\bin;C:\Program Files\Amazon Corretto\jdk21.0.10_7\bin;C:\Program Files\Amazon Corretto\jdk11.0.22_7\bin;C:\Program Files\Amazon Corretto\jdk21.0.10_7\bin;C:\Program Files\Common Files\Oracle\Java\javapath;C:\windows\system32;C:\windows;C:\windows\System32\Wbem;C:\windows\System32\WindowsPowerShell\v1.0\;C:\windows\System32\OpenSSH\;C:\Program Files (x86)\NVIDIA Corporation\PhysX\Common;C:\Program Files\NVIDIA Corporation\NVIDIA NvDLISR;C:\WINDOWS\system32;C:\WINDOWS;C:\WINDOWS\System32\Wbem;C:\WINDOWS\System32\WindowsPowerShell\v1.0\;C:\WINDOWS\System32\OpenSSH\;C:\Program Files\MySQL\MySQL Server 8.0\bin;C:\Python;C:\Python\repos_python;C:\Program Files\MongoDB\Server\7.0.9\bin;C:\Program Files\MongoDB\Server\7.0\bin;C:\Users\guswh\Downloads\windows_10_cmake_Release_Graphviz-11.0.0-win64\Graphviz-11.0.0-win64\bin;C:\Program Files\dotnet\;C:\Program Files\Git\cmd;C:\Program Files\Bandizip\;C:\Program Files\nodejs\;C:\Users\guswh\AppData\Local\Programs\Python\Python312\Scripts\;C:\Users\guswh\AppData\Local\Programs\Python\Python312\;C:\Users\guswh\AppData\Local\Microsoft\WindowsApps;C:\Users\guswh\AppData\Local\GitHubDesktop\bin;C:\Program Files\JetBrains\IntelliJ IDEA Community Edition 2023.2.4\bin;;C:\Users\guswh\AppData\Local\Programs\Microsoft VS Code\bin;C:\Users\guswh\AppData\Roaming\npm;C:\dev\sts-5.1.1.RELEASE;
USERNAME=guswh
TMPDIR=C:\Users\Public\Documents\ESTsoft\CreatorTemp
OS=Windows_NT
PROCESSOR_IDENTIFIER=Intel64 Family 6 Model 142 Stepping 12, GenuineIntel
TMP=C:\Users\guswh\AppData\Local\Temp
TEMP=C:\Users\guswh\AppData\Local\Temp




Periodic native trim disabled

---------------  S Y S T E M  ---------------

OS:
 Windows 11 , 64 bit Build 26100 (10.0.26100.8328)
OS uptime: 4 days 1:27 hours

CPU: total 8 (initial active 8) (4 cores per cpu, 2 threads per core) family 6 model 142 stepping 12 microcode 0xde, cx8, cmov, fxsr, ht, mmx, 3dnowpref, sse, sse2, sse3, ssse3, sse4.1, sse4.2, popcnt, lzcnt, tsc, tscinvbit, avx, avx2, aes, erms, clmul, bmi1, bmi2, adx, fma, vzeroupper, clflush, clflushopt, rdtscp, f16c
Processor Information for the first 8 processors :
  Max Mhz: 2112, Current Mhz: 1609, Mhz Limit: 1605

Memory: 4k page, system-wide physical 8001M (611M free)
TotalPageFile size 32577M (AvailPageFile size 5M)
current process WorkingSet (physical memory assigned to process): 12M, peak: 12M
current process commit charge ("private bytes"): 12M, peak: 13M

vm_info: OpenJDK 64-Bit Server VM (21.0.10+7-LTS) for windows-amd64 JRE (21.0.10+7-LTS), built on 2026-01-15T22:13:46Z by "Administrator" with MS VC++ 17.14 (VS2022)

END.
